<?xml version="1.0" encoding="UTF-8"?>
<!-- Generated by org.testng.reporters.JUnitXMLReporter -->
<testsuite hostname="Younis123" ignored="0" name="Test" tests="3" failures="1" timestamp="2022-01-26T11:41:44 IST" time="25.882" errors="0">
  <testcase name="@AfterMethod TakeScreenshort" time="0.004" classname="TestNGPackage.Crossbrowsertesting">
    <failure type="java.lang.NullPointerException">
      <![CDATA[java.lang.NullPointerException
at TestNGPackage.Crossbrowsertesting.TakeScreenshort(Crossbrowsertesting.java:70)
at java.util.ArrayList.forEach(Unknown Source)
at java.util.concurrent.FutureTask.run(Unknown Source)
at java.util.concurrent.ThreadPoolExecutor.runWorker(Unknown Source)
at java.util.concurrent.ThreadPoolExecutor$Worker.run(Unknown Source)
at java.lang.Thread.run(Unknown Source)
... Removed 23 stack frames]]>
    </failure>
  </testcase> <!-- @AfterMethod TakeScreenshort -->
  <testcase name="@AfterMethod TakeScreenshort" time="-1.643177504212E9" classname="TestNGPackage.Crossbrowsertesting">
    <skipped/>
  </testcase> <!-- @AfterMethod TakeScreenshort -->
  <testcase name="@AfterMethod TakeScreenshort" time="-1.643177504223E9" classname="TestNGPackage.Crossbrowsertesting">
    <skipped/>
  </testcase> <!-- @AfterMethod TakeScreenshort -->
  <testcase name="OpenURL" time="25.697" classname="TestNGPackage.Crossbrowsertesting">
    <failure type="org.openqa.selenium.SessionNotCreatedException" message="session not created: This version of ChromeDriver only supports Chrome version 85
Build info: version: &amp;apos;3.141.59&amp;apos;, revision: &amp;apos;e82be7d358&amp;apos;, time: &amp;apos;2018-11-14T08:25:48&amp;apos;
System info: host: &amp;apos;YOUNIS123&amp;apos;, ip: &amp;apos;192.168.0.103&amp;apos;, os.name: &amp;apos;Windows 10&amp;apos;, os.arch: &amp;apos;amd64&amp;apos;, os.version: &amp;apos;10.0&amp;apos;, java.version: &amp;apos;1.8.0_251&amp;apos;
Driver info: driver.version: ChromeDriver
remote stacktrace: Backtrace:
	Ordinal0 [0x0105D383+3134339]
	Ordinal0 [0x00F4A171+2007409]
	Ordinal0 [0x00DEAEE8+569064]
	Ordinal0 [0x00D7139F+70559]
	Ordinal0 [0x00D6CC63+52323]
	Ordinal0 [0x00D90DFC+200188]
	Ordinal0 [0x00D90C1D+199709]
	Ordinal0 [0x00D8EB0B+191243]
	Ordinal0 [0x00D72E77+77431]
	Ordinal0 [0x00D73E3E+81470]
	Ordinal0 [0x00D73DC9+81353]
	Ordinal0 [0x00F60CD9+2100441]
	GetHandleVerifier [0x011CB75A+1396954]
	GetHandleVerifier [0x011CB3D9+1396057]
	GetHandleVerifier [0x011D7126+1444518]
	GetHandleVerifier [0x011CBCE8+1398376]
	Ordinal0 [0x00F57F51+2064209]
	Ordinal0 [0x00F622EB+2106091]
	Ordinal0 [0x00F62411+2106385]
	Ordinal0 [0x00F749C4+2181572]
	BaseThreadInitThunk [0x7754FA29+25]
	RtlGetAppContainerNamedObjectPath [0x779F7A9E+286]
	RtlGetAppContainerNamedObjectPath [0x779F7A6E+238]
">
      <![CDATA[org.openqa.selenium.SessionNotCreatedException: session not created: This version of ChromeDriver only supports Chrome version 85
Build info: version: '3.141.59', revision: 'e82be7d358', time: '2018-11-14T08:25:48'
System info: host: 'YOUNIS123', ip: '192.168.0.103', os.name: 'Windows 10', os.arch: 'amd64', os.version: '10.0', java.version: '1.8.0_251'
Driver info: driver.version: ChromeDriver
remote stacktrace: Backtrace:
Ordinal0 [0x0105D383+3134339]
Ordinal0 [0x00F4A171+2007409]
Ordinal0 [0x00DEAEE8+569064]
Ordinal0 [0x00D7139F+70559]
Ordinal0 [0x00D6CC63+52323]
Ordinal0 [0x00D90DFC+200188]
Ordinal0 [0x00D90C1D+199709]
Ordinal0 [0x00D8EB0B+191243]
Ordinal0 [0x00D72E77+77431]
Ordinal0 [0x00D73E3E+81470]
Ordinal0 [0x00D73DC9+81353]
Ordinal0 [0x00F60CD9+2100441]
GetHandleVerifier [0x011CB75A+1396954]
GetHandleVerifier [0x011CB3D9+1396057]
GetHandleVerifier [0x011D7126+1444518]
GetHandleVerifier [0x011CBCE8+1398376]
Ordinal0 [0x00F57F51+2064209]
Ordinal0 [0x00F622EB+2106091]
Ordinal0 [0x00F62411+2106385]
Ordinal0 [0x00F749C4+2181572]
BaseThreadInitThunk [0x7754FA29+25]
RtlGetAppContainerNamedObjectPath [0x779F7A9E+286]
RtlGetAppContainerNamedObjectPath [0x779F7A6E+238]

at org.openqa.selenium.remote.W3CHandshakeResponse.lambda$errorHandler$0(W3CHandshakeResponse.java:62)
at org.openqa.selenium.remote.HandshakeResponse.lambda$getResponseFunction$0(HandshakeResponse.java:30)
at org.openqa.selenium.remote.ProtocolHandshake.lambda$createSession$0(ProtocolHandshake.java:126)
at java.util.stream.ReferencePipeline$3$1.accept(Unknown Source)
at java.util.Spliterators$ArraySpliterator.tryAdvance(Unknown Source)
at java.util.stream.ReferencePipeline.forEachWithCancel(Unknown Source)
at java.util.stream.AbstractPipeline.copyIntoWithCancel(Unknown Source)
at java.util.stream.AbstractPipeline.copyInto(Unknown Source)
at java.util.stream.AbstractPipeline.wrapAndCopyInto(Unknown Source)
at java.util.stream.FindOps$FindOp.evaluateSequential(Unknown Source)
at java.util.stream.AbstractPipeline.evaluate(Unknown Source)
at java.util.stream.ReferencePipeline.findFirst(Unknown Source)
at org.openqa.selenium.remote.ProtocolHandshake.createSession(ProtocolHandshake.java:128)
at org.openqa.selenium.remote.ProtocolHandshake.createSession(ProtocolHandshake.java:74)
at org.openqa.selenium.remote.HttpCommandExecutor.execute(HttpCommandExecutor.java:136)
at org.openqa.selenium.remote.service.DriverCommandExecutor.execute(DriverCommandExecutor.java:83)
at org.openqa.selenium.remote.RemoteWebDriver.execute(RemoteWebDriver.java:552)
at org.openqa.selenium.remote.RemoteWebDriver.startSession(RemoteWebDriver.java:213)
at org.openqa.selenium.remote.RemoteWebDriver.<init>(RemoteWebDriver.java:131)
at org.openqa.selenium.chrome.ChromeDriver.<init>(ChromeDriver.java:181)
at org.openqa.selenium.chrome.ChromeDriver.<init>(ChromeDriver.java:168)
at org.openqa.selenium.chrome.ChromeDriver.<init>(ChromeDriver.java:123)
at TestNGPackage.Crossbrowsertesting.OpenURL(Crossbrowsertesting.java:30)
at java.util.ArrayList.forEach(Unknown Source)
at java.util.concurrent.FutureTask.run(Unknown Source)
at java.util.concurrent.ThreadPoolExecutor.runWorker(Unknown Source)
at java.util.concurrent.ThreadPoolExecutor$Worker.run(Unknown Source)
at java.lang.Thread.run(Unknown Source)
... Removed 22 stack frames]]>
    </failure>
  </testcase> <!-- OpenURL -->
  <testcase name="Login" time="0.0" classname="TestNGPackage.Crossbrowsertesting">
    <skipped/>
  </testcase> <!-- Login -->
  <testcase name="Close" time="0.0" classname="TestNGPackage.Crossbrowsertesting">
    <skipped/>
  </testcase> <!-- Close -->
</testsuite> <!-- Test -->
